# JRE version: OpenJDK Runtime Environment (11.0.8+10) (build 11.0.8+10-b944.6842174)
# Java VM: OpenJDK 64-Bit Server VM (11.0.8+10-b944.6842174, mixed mode, tiered, compressed oops, g1 gc, windows-amd64)
Heap:
 garbage-first heap   total 140288K, used 117204K [0x0000000080000000, 0x0000000100000000)
  region size 1024K, 9 young (9216K), 3 survivors (3072K)
 Metaspace       used 84942K, capacity 86933K, committed 87296K, reserved 1124352K
  class space    used 10956K, capacity 11666K, committed 11776K, reserved 1048576K
GC Heap History (20 events):
Event: 37.478 GC heap before
{Heap before GC invocations=36 (full 0):
 garbage-first heap   total 114688K, used 86614K [0x0000000080000000, 0x0000000100000000)
  region size 1024K, 34 young (34816K), 4 survivors (4096K)
 Metaspace       used 76219K, capacity 78028K, committed 78336K, reserved 1116160K
  class space    used 10007K, capacity 10680K, committed 10752K, reserved 1048576K
}
Event: 37.495 GC heap after
{Heap after GC invocations=37 (full 0):
 garbage-first heap   total 114688K, used 59543K [0x0000000080000000, 0x0000000100000000)
  region size 1024K, 3 young (3072K), 3 survivors (3072K)
 Metaspace       used 76219K, capacity 78028K, committed 78336K, reserved 1116160K
  class space    used 10007K, capacity 10680K, committed 10752K, reserved 1048576K
}
Event: 40.817 GC heap before
{Heap before GC invocations=37 (full 0):
 garbage-first heap   total 114688K, used 88215K [0x0000000080000000, 0x0000000100000000)
  region size 1024K, 32 young (32768K), 3 survivors (3072K)
 Metaspace       used 81635K, capacity 83489K, committed 83584K, reserved 1122304K
  class space    used 10679K, capacity 11383K, committed 11392K, reserved 1048576K
}
Event: 40.844 GC heap after
{Heap after GC invocations=38 (full 0):
 garbage-first heap   total 114688K, used 62717K [0x0000000080000000, 0x0000000100000000)
  region size 1024K, 4 young (4096K), 4 survivors (4096K)
 Metaspace       used 81635K, capacity 83489K, committed 83584K, reserved 1122304K
  class space    used 10679K, capacity 11383K, committed 11392K, reserved 1048576K
}
Event: 42.752 GC heap before
{Heap before GC invocations=39 (full 0):
 garbage-first heap   total 114688K, used 90365K [0x0000000080000000, 0x0000000100000000)
  region size 1024K, 32 young (32768K), 4 survivors (4096K)
 Metaspace       used 82526K, capacity 84428K, committed 84736K, reserved 1122304K
  class space    used 10730K, capacity 11403K, committed 11520K, reserved 1048576K
}
Event: 42.766 GC heap after
{Heap after GC invocations=40 (full 0):
 garbage-first heap   total 114688K, used 65487K [0x0000000080000000, 0x0000000100000000)
  region size 1024K, 3 young (3072K), 3 survivors (3072K)
 Metaspace       used 82526K, capacity 84428K, committed 84736K, reserved 1122304K
  class space    used 10730K, capacity 11403K, committed 11520K, reserved 1048576K
}
Event: 43.982 GC heap before
{Heap before GC invocations=40 (full 0):
 garbage-first heap   total 114688K, used 91087K [0x0000000080000000, 0x0000000100000000)
  region size 1024K, 29 young (29696K), 3 survivors (3072K)
 Metaspace       used 82708K, capacity 84626K, committed 84992K, reserved 1122304K
  class space    used 10730K, capacity 11403K, committed 11520K, reserved 1048576K
}
Event: 43.993 GC heap after
{Heap after GC invocations=41 (full 0):
 garbage-first heap   total 114688K, used 67188K [0x0000000080000000, 0x0000000100000000)
  region size 1024K, 2 young (2048K), 2 survivors (2048K)
 Metaspace       used 82708K, capacity 84626K, committed 84992K, reserved 1122304K
  class space    used 10730K, capacity 11403K, committed 11520K, reserved 1048576K
}
Event: 45.035 GC heap before
{Heap before GC invocations=42 (full 0):
 garbage-first heap   total 114688K, used 92788K [0x0000000080000000, 0x0000000100000000)
  region size 1024K, 28 young (28672K), 2 survivors (2048K)
 Metaspace       used 82935K, capacity 84837K, committed 84992K, reserved 1122304K
  class space    used 10740K, capacity 11423K, committed 11520K, reserved 1048576K
}
Event: 45.048 GC heap after
{Heap after GC invocations=43 (full 0):
 garbage-first heap   total 114688K, used 68224K [0x0000000080000000, 0x0000000100000000)
  region size 1024K, 3 young (3072K), 3 survivors (3072K)
 Metaspace       used 82935K, capacity 84837K, committed 84992K, reserved 1122304K
  class space    used 10740K, capacity 11423K, committed 11520K, reserved 1048576K
}
Event: 45.804 GC heap before
{Heap before GC invocations=44 (full 0):
 garbage-first heap   total 114688K, used 93824K [0x0000000080000000, 0x0000000100000000)
  region size 1024K, 29 young (29696K), 3 survivors (3072K)
 Metaspace       used 83311K, capacity 85143K, committed 85248K, reserved 1122304K
  class space    used 10800K, capacity 11483K, committed 11520K, reserved 1048576K
}
Event: 45.817 GC heap after
{Heap after GC invocations=45 (full 0):
 garbage-first heap   total 114688K, used 69876K [0x0000000080000000, 0x0000000100000000)
  region size 1024K, 3 young (3072K), 3 survivors (3072K)
 Metaspace       used 83311K, capacity 85143K, committed 85248K, reserved 1122304K
  class space    used 10800K, capacity 11483K, committed 11520K, reserved 1048576K
}
Event: 46.625 GC heap before
{Heap before GC invocations=46 (full 0):
 garbage-first heap   total 114688K, used 97524K [0x0000000080000000, 0x0000000100000000)
  region size 1024K, 28 young (28672K), 3 survivors (3072K)
 Metaspace       used 84082K, capacity 85997K, committed 86144K, reserved 1124352K
  class space    used 10877K, capacity 11555K, committed 11648K, reserved 1048576K
}
Event: 46.662 GC heap after
{Heap after GC invocations=47 (full 0):
 garbage-first heap   total 116736K, used 85870K [0x0000000080000000, 0x0000000100000000)
  region size 1024K, 4 young (4096K), 4 survivors (4096K)
 Metaspace       used 84082K, capacity 85997K, committed 86144K, reserved 1124352K
  class space    used 10877K, capacity 11555K, committed 11648K, reserved 1048576K
}
Event: 46.969 GC heap before
{Heap before GC invocations=47 (full 0):
 garbage-first heap   total 116736K, used 96110K [0x0000000080000000, 0x0000000100000000)
  region size 1024K, 14 young (14336K), 4 survivors (4096K)
 Metaspace       used 84272K, capacity 86236K, committed 86400K, reserved 1124352K
  class space    used 10896K, capacity 11590K, committed 11648K, reserved 1048576K
}
Event: 46.987 GC heap after
{Heap after GC invocations=48 (full 0):
 garbage-first heap   total 116736K, used 88574K [0x0000000080000000, 0x0000000100000000)
  region size 1024K, 2 young (2048K), 2 survivors (2048K)
 Metaspace       used 84272K, capacity 86236K, committed 86400K, reserved 1124352K
  class space    used 10896K, capacity 11590K, committed 11648K, reserved 1048576K
}
Event: 47.480 GC heap before
{Heap before GC invocations=48 (full 0):
 garbage-first heap   total 116736K, used 97790K [0x0000000080000000, 0x0000000100000000)
  region size 1024K, 11 young (11264K), 2 survivors (2048K)
 Metaspace       used 84419K, capacity 86364K, committed 86656K, reserved 1124352K
  class space    used 10903K, capacity 11590K, committed 11648K, reserved 1048576K
}
Event: 47.493 GC heap after
{Heap after GC invocations=49 (full 0):
 garbage-first heap   total 140288K, used 89655K [0x0000000080000000, 0x0000000100000000)
  region size 1024K, 2 young (2048K), 2 survivors (2048K)
 Metaspace       used 84419K, capacity 86364K, committed 86656K, reserved 1124352K
  class space    used 10903K, capacity 11590K, committed 11648K, reserved 1048576K
}
Event: 47.673 GC heap before
{Heap before GC invocations=50 (full 0):
 garbage-first heap   total 140288K, used 93751K [0x0000000080000000, 0x0000000100000000)
  region size 1024K, 8 young (8192K), 2 survivors (2048K)
 Metaspace       used 84433K, capacity 86364K, committed 86656K, reserved 1124352K
  class space    used 10903K, capacity 11590K, committed 11648K, reserved 1048576K
}
Event: 47.692 GC heap after
{Heap after GC invocations=51 (full 0):
 garbage-first heap   total 140288K, used 94676K [0x0000000080000000, 0x0000000100000000)
  region size 1024K, 3 young (3072K), 3 survivors (3072K)
 Metaspace       used 84433K, capacity 86364K, committed 86656K, reserved 1124352K
  class space    used 10903K, capacity 11590K, committed 11648K, reserved 1048576K
}

