# JRE version: OpenJDK Runtime Environment (11.0.8+10) (build 11.0.8+10-b944.6842174)
# Java VM: OpenJDK 64-Bit Server VM (11.0.8+10-b944.6842174, mixed mode, tiered, compressed oops, g1 gc, windows-amd64)
Heap:
 garbage-first heap   total 199680K, used 118981K [0x0000000080000000, 0x0000000100000000)
  region size 1024K, 25 young (25600K), 5 survivors (5120K)
 Metaspace       used 89045K, capacity 91089K, committed 91340K, reserved 1128448K
  class space    used 11224K, capacity 11940K, committed 12032K, reserved 1048576K
GC Heap History (20 events):
Event: 28.000 GC heap before
{Heap before GC invocations=29 (full 0):
 garbage-first heap   total 138240K, used 101609K [0x0000000080000000, 0x0000000100000000)
  region size 1024K, 41 young (41984K), 4 survivors (4096K)
 Metaspace       used 82429K, capacity 84350K, committed 84556K, reserved 1122304K
  class space    used 10709K, capacity 11374K, committed 11392K, reserved 1048576K
}
Event: 28.012 GC heap after
{Heap after GC invocations=30 (full 0):
 garbage-first heap   total 138240K, used 67207K [0x0000000080000000, 0x0000000100000000)
  region size 1024K, 5 young (5120K), 5 survivors (5120K)
 Metaspace       used 82429K, capacity 84350K, committed 84556K, reserved 1122304K
  class space    used 10709K, capacity 11374K, committed 11392K, reserved 1048576K
}
Event: 29.804 GC heap before
{Heap before GC invocations=31 (full 0):
 garbage-first heap   total 138240K, used 112263K [0x0000000080000000, 0x0000000100000000)
  region size 1024K, 49 young (50176K), 5 survivors (5120K)
 Metaspace       used 83595K, capacity 85570K, committed 85836K, reserved 1124352K
  class space    used 10847K, capacity 11561K, committed 11648K, reserved 1048576K
}
Event: 29.820 GC heap after
{Heap after GC invocations=32 (full 0):
 garbage-first heap   total 138240K, used 69549K [0x0000000080000000, 0x0000000100000000)
  region size 1024K, 5 young (5120K), 5 survivors (5120K)
 Metaspace       used 83595K, capacity 85570K, committed 85836K, reserved 1124352K
  class space    used 10847K, capacity 11561K, committed 11648K, reserved 1048576K
}
Event: 30.673 GC heap before
{Heap before GC invocations=32 (full 0):
 garbage-first heap   total 138240K, used 112557K [0x0000000080000000, 0x0000000100000000)
  region size 1024K, 47 young (48128K), 5 survivors (5120K)
 Metaspace       used 83896K, capacity 85902K, committed 86092K, reserved 1124352K
  class space    used 10847K, capacity 11561K, committed 11648K, reserved 1048576K
}
Event: 30.699 GC heap after
{Heap after GC invocations=33 (full 0):
 garbage-first heap   total 165888K, used 71504K [0x0000000080000000, 0x0000000100000000)
  region size 1024K, 5 young (5120K), 5 survivors (5120K)
 Metaspace       used 83896K, capacity 85902K, committed 86092K, reserved 1124352K
  class space    used 10847K, capacity 11561K, committed 11648K, reserved 1048576K
}
Event: 31.858 GC heap before
{Heap before GC invocations=34 (full 0):
 garbage-first heap   total 165888K, used 126800K [0x0000000080000000, 0x0000000100000000)
  region size 1024K, 60 young (61440K), 5 survivors (5120K)
 Metaspace       used 84000K, capacity 86080K, committed 86348K, reserved 1124352K
  class space    used 10844K, capacity 11556K, committed 11648K, reserved 1048576K
}
Event: 31.880 GC heap after
{Heap after GC invocations=35 (full 0):
 garbage-first heap   total 165888K, used 79030K [0x0000000080000000, 0x0000000100000000)
  region size 1024K, 8 young (8192K), 8 survivors (8192K)
 Metaspace       used 84000K, capacity 86080K, committed 86348K, reserved 1124352K
  class space    used 10844K, capacity 11556K, committed 11648K, reserved 1048576K
}
Event: 32.717 GC heap before
{Heap before GC invocations=35 (full 0):
 garbage-first heap   total 165888K, used 133302K [0x0000000080000000, 0x0000000100000000)
  region size 1024K, 59 young (60416K), 8 survivors (8192K)
 Metaspace       used 84040K, capacity 86080K, committed 86348K, reserved 1124352K
  class space    used 10844K, capacity 11556K, committed 11648K, reserved 1048576K
}
Event: 32.750 GC heap after
{Heap after GC invocations=36 (full 0):
 garbage-first heap   total 165888K, used 88984K [0x0000000080000000, 0x0000000100000000)
  region size 1024K, 8 young (8192K), 8 survivors (8192K)
 Metaspace       used 84040K, capacity 86080K, committed 86348K, reserved 1124352K
  class space    used 10844K, capacity 11556K, committed 11648K, reserved 1048576K
}
Event: 33.425 GC heap before
{Heap before GC invocations=36 (full 0):
 garbage-first heap   total 165888K, used 133016K [0x0000000080000000, 0x0000000100000000)
  region size 1024K, 51 young (52224K), 8 survivors (8192K)
 Metaspace       used 84411K, capacity 86441K, committed 86604K, reserved 1124352K
  class space    used 10877K, capacity 11590K, committed 11648K, reserved 1048576K
}
Event: 33.451 GC heap after
{Heap after GC invocations=37 (full 0):
 garbage-first heap   total 165888K, used 95578K [0x0000000080000000, 0x0000000100000000)
  region size 1024K, 6 young (6144K), 6 survivors (6144K)
 Metaspace       used 84411K, capacity 86441K, committed 86604K, reserved 1124352K
  class space    used 10877K, capacity 11590K, committed 11648K, reserved 1048576K
}
Event: 34.585 GC heap before
{Heap before GC invocations=38 (full 0):
 garbage-first heap   total 165888K, used 140634K [0x0000000080000000, 0x0000000100000000)
  region size 1024K, 43 young (44032K), 6 survivors (6144K)
 Metaspace       used 84592K, capacity 86579K, committed 86860K, reserved 1124352K
  class space    used 10889K, capacity 11593K, committed 11648K, reserved 1048576K
}
Event: 34.622 GC heap after
{Heap after GC invocations=39 (full 0):
 garbage-first heap   total 199680K, used 100975K [0x0000000080000000, 0x0000000100000000)
  region size 1024K, 6 young (6144K), 6 survivors (6144K)
 Metaspace       used 84592K, capacity 86579K, committed 86860K, reserved 1124352K
  class space    used 10889K, capacity 11593K, committed 11648K, reserved 1048576K
}
Event: 34.708 GC heap before
{Heap before GC invocations=39 (full 0):
 garbage-first heap   total 199680K, used 105071K [0x0000000080000000, 0x0000000100000000)
  region size 1024K, 11 young (11264K), 6 survivors (6144K)
 Metaspace       used 84593K, capacity 86579K, committed 86860K, reserved 1124352K
  class space    used 10889K, capacity 11593K, committed 11648K, reserved 1048576K
}
Event: 34.736 GC heap after
{Heap after GC invocations=40 (full 0):
 garbage-first heap   total 199680K, used 105551K [0x0000000080000000, 0x0000000100000000)
  region size 1024K, 5 young (5120K), 5 survivors (5120K)
 Metaspace       used 84593K, capacity 86579K, committed 86860K, reserved 1124352K
  class space    used 10889K, capacity 11593K, committed 11648K, reserved 1048576K
}
Event: 36.093 GC heap before
{Heap before GC invocations=41 (full 0):
 garbage-first heap   total 199680K, used 169039K [0x0000000080000000, 0x0000000100000000)
  region size 1024K, 50 young (51200K), 5 survivors (5120K)
 Metaspace       used 88074K, capacity 90142K, committed 90188K, reserved 1128448K
  class space    used 11166K, capacity 11904K, committed 11904K, reserved 1048576K
}
Event: 36.116 GC heap after
{Heap after GC invocations=42 (full 0):
 garbage-first heap   total 199680K, used 109930K [0x0000000080000000, 0x0000000100000000)
  region size 1024K, 6 young (6144K), 6 survivors (6144K)
 Metaspace       used 88074K, capacity 90142K, committed 90188K, reserved 1128448K
  class space    used 11166K, capacity 11904K, committed 11904K, reserved 1048576K
}
Event: 36.827 GC heap before
{Heap before GC invocations=42 (full 0):
 garbage-first heap   total 199680K, used 153962K [0x0000000080000000, 0x0000000100000000)
  region size 1024K, 50 young (51200K), 6 survivors (6144K)
 Metaspace       used 88863K, capacity 90897K, committed 91084K, reserved 1128448K
  class space    used 11213K, capacity 11940K, committed 12032K, reserved 1048576K
}
Event: 36.847 GC heap after
{Heap after GC invocations=43 (full 0):
 garbage-first heap   total 199680K, used 113861K [0x0000000080000000, 0x0000000100000000)
  region size 1024K, 5 young (5120K), 5 survivors (5120K)
 Metaspace       used 88863K, capacity 90897K, committed 91084K, reserved 1128448K
  class space    used 11213K, capacity 11940K, committed 12032K, reserved 1048576K
}

