# JRE version: OpenJDK Runtime Environment (11.0.8+10) (build 11.0.8+10-b944.6842174)
# Java VM: OpenJDK 64-Bit Server VM (11.0.8+10-b944.6842174, mixed mode, tiered, compressed oops, g1 gc, windows-amd64)
Heap:
 garbage-first heap   total 199680K, used 135168K [0x0000000080000000, 0x0000000100000000)
  region size 1024K, 19 young (19456K), 6 survivors (6144K)
 Metaspace       used 85030K, capacity 87103K, committed 87296K, reserved 1124352K
  class space    used 10928K, capacity 11671K, committed 11776K, reserved 1048576K
GC Heap History (20 events):
Event: 30.595 GC heap before
{Heap before GC invocations=46 (full 0):
 garbage-first heap   total 138240K, used 99678K [0x0000000080000000, 0x0000000100000000)
  region size 1024K, 41 young (41984K), 5 survivors (5120K)
 Metaspace       used 82103K, capacity 84012K, committed 84096K, reserved 1122304K
  class space    used 10694K, capacity 11376K, committed 11392K, reserved 1048576K
}
Event: 30.613 GC heap after
{Heap after GC invocations=47 (full 0):
 garbage-first heap   total 138240K, used 66786K [0x0000000080000000, 0x0000000100000000)
  region size 1024K, 6 young (6144K), 6 survivors (6144K)
 Metaspace       used 82103K, capacity 84012K, committed 84096K, reserved 1122304K
  class space    used 10694K, capacity 11376K, committed 11392K, reserved 1048576K
}
Event: 31.870 GC heap before
{Heap before GC invocations=47 (full 0):
 garbage-first heap   total 138240K, used 103650K [0x0000000080000000, 0x0000000100000000)
  region size 1024K, 43 young (44032K), 6 survivors (6144K)
 Metaspace       used 82355K, capacity 84290K, committed 84352K, reserved 1122304K
  class space    used 10694K, capacity 11376K, committed 11392K, reserved 1048576K
}
Event: 31.883 GC heap after
{Heap after GC invocations=48 (full 0):
 garbage-first heap   total 138240K, used 68926K [0x0000000080000000, 0x0000000100000000)
  region size 1024K, 5 young (5120K), 5 survivors (5120K)
 Metaspace       used 82355K, capacity 84290K, committed 84352K, reserved 1122304K
  class space    used 10694K, capacity 11376K, committed 11392K, reserved 1048576K
}
Event: 31.983 GC heap before
{Heap before GC invocations=48 (full 0):
 garbage-first heap   total 138240K, used 71998K [0x0000000080000000, 0x0000000100000000)
  region size 1024K, 9 young (9216K), 5 survivors (5120K)
 Metaspace       used 82453K, capacity 84356K, committed 84608K, reserved 1122304K
  class space    used 10711K, capacity 11376K, committed 11392K, reserved 1048576K
}
Event: 31.993 GC heap after
{Heap after GC invocations=49 (full 0):
 garbage-first heap   total 138240K, used 68736K [0x0000000080000000, 0x0000000100000000)
  region size 1024K, 3 young (3072K), 3 survivors (3072K)
 Metaspace       used 82453K, capacity 84356K, committed 84608K, reserved 1122304K
  class space    used 10711K, capacity 11376K, committed 11392K, reserved 1048576K
}
Event: 33.315 GC heap before
{Heap before GC invocations=50 (full 0):
 garbage-first heap   total 138240K, used 108672K [0x0000000080000000, 0x0000000100000000)
  region size 1024K, 42 young (43008K), 3 survivors (3072K)
 Metaspace       used 83571K, capacity 85510K, committed 85632K, reserved 1124352K
  class space    used 10848K, capacity 11562K, committed 11648K, reserved 1048576K
}
Event: 33.327 GC heap after
{Heap after GC invocations=51 (full 0):
 garbage-first heap   total 165888K, used 71086K [0x0000000080000000, 0x0000000100000000)
  region size 1024K, 5 young (5120K), 5 survivors (5120K)
 Metaspace       used 83571K, capacity 85510K, committed 85632K, reserved 1124352K
  class space    used 10848K, capacity 11562K, committed 11648K, reserved 1048576K
}
Event: 34.954 GC heap before
{Heap before GC invocations=51 (full 0):
 garbage-first heap   total 165888K, used 131502K [0x0000000080000000, 0x0000000100000000)
  region size 1024K, 64 young (65536K), 5 survivors (5120K)
 Metaspace       used 83953K, capacity 85974K, committed 86144K, reserved 1124352K
  class space    used 10848K, capacity 11562K, committed 11648K, reserved 1048576K
}
Event: 34.972 GC heap after
{Heap after GC invocations=52 (full 0):
 garbage-first heap   total 165888K, used 74164K [0x0000000080000000, 0x0000000100000000)
  region size 1024K, 6 young (6144K), 6 survivors (6144K)
 Metaspace       used 83953K, capacity 85974K, committed 86144K, reserved 1124352K
  class space    used 10848K, capacity 11562K, committed 11648K, reserved 1048576K
}
Event: 36.047 GC heap before
{Heap before GC invocations=52 (full 0):
 garbage-first heap   total 165888K, used 133556K [0x0000000080000000, 0x0000000100000000)
  region size 1024K, 65 young (66560K), 6 survivors (6144K)
 Metaspace       used 84066K, capacity 86102K, committed 86400K, reserved 1124352K
  class space    used 10848K, capacity 11562K, committed 11648K, reserved 1048576K
}
Event: 36.071 GC heap after
{Heap after GC invocations=53 (full 0):
 garbage-first heap   total 165888K, used 81761K [0x0000000080000000, 0x0000000100000000)
  region size 1024K, 9 young (9216K), 9 survivors (9216K)
 Metaspace       used 84066K, capacity 86102K, committed 86400K, reserved 1124352K
  class space    used 10848K, capacity 11562K, committed 11648K, reserved 1048576K
}
Event: 36.495 GC heap before
{Heap before GC invocations=53 (full 0):
 garbage-first heap   total 165888K, used 106337K [0x0000000080000000, 0x0000000100000000)
  region size 1024K, 32 young (32768K), 9 survivors (9216K)
 Metaspace       used 84068K, capacity 86102K, committed 86400K, reserved 1124352K
  class space    used 10848K, capacity 11562K, committed 11648K, reserved 1048576K
}
Event: 36.516 GC heap after
{Heap after GC invocations=54 (full 0):
 garbage-first heap   total 165888K, used 86409K [0x0000000080000000, 0x0000000100000000)
  region size 1024K, 4 young (4096K), 4 survivors (4096K)
 Metaspace       used 84068K, capacity 86102K, committed 86400K, reserved 1124352K
  class space    used 10848K, capacity 11562K, committed 11648K, reserved 1048576K
}
Event: 37.153 GC heap before
{Heap before GC invocations=55 (full 0):
 garbage-first heap   total 165888K, used 124297K [0x0000000080000000, 0x0000000100000000)
  region size 1024K, 40 young (40960K), 4 survivors (4096K)
 Metaspace       used 84085K, capacity 86085K, committed 86400K, reserved 1124352K
  class space    used 10845K, capacity 11556K, committed 11648K, reserved 1048576K
}
Event: 37.178 GC heap after
{Heap after GC invocations=56 (full 0):
 garbage-first heap   total 199680K, used 94582K [0x0000000080000000, 0x0000000100000000)
  region size 1024K, 5 young (5120K), 5 survivors (5120K)
 Metaspace       used 84085K, capacity 86085K, committed 86400K, reserved 1124352K
  class space    used 10845K, capacity 11556K, committed 11648K, reserved 1048576K
}
Event: 38.623 GC heap before
{Heap before GC invocations=56 (full 0):
 garbage-first heap   total 199680K, used 115062K [0x0000000080000000, 0x0000000100000000)
  region size 1024K, 27 young (27648K), 5 survivors (5120K)
 Metaspace       used 84446K, capacity 86442K, committed 86656K, reserved 1124352K
  class space    used 10878K, capacity 11590K, committed 11648K, reserved 1048576K
}
Event: 38.647 GC heap after
{Heap after GC invocations=57 (full 0):
 garbage-first heap   total 199680K, used 97379K [0x0000000080000000, 0x0000000100000000)
  region size 1024K, 3 young (3072K), 3 survivors (3072K)
 Metaspace       used 84446K, capacity 86442K, committed 86656K, reserved 1124352K
  class space    used 10878K, capacity 11590K, committed 11648K, reserved 1048576K
}
Event: 40.229 GC heap before
{Heap before GC invocations=58 (full 0):
 garbage-first heap   total 199680K, used 145507K [0x0000000080000000, 0x0000000100000000)
  region size 1024K, 43 young (44032K), 3 survivors (3072K)
 Metaspace       used 84593K, capacity 86580K, committed 86656K, reserved 1124352K
  class space    used 10890K, capacity 11593K, committed 11648K, reserved 1048576K
}
Event: 40.267 GC heap after
{Heap after GC invocations=59 (full 0):
 garbage-first heap   total 199680K, used 105472K [0x0000000080000000, 0x0000000100000000)
  region size 1024K, 6 young (6144K), 6 survivors (6144K)
 Metaspace       used 84593K, capacity 86580K, committed 86656K, reserved 1124352K
  class space    used 10890K, capacity 11593K, committed 11648K, reserved 1048576K
}

