# JRE version: OpenJDK Runtime Environment (11.0.8+10) (build 11.0.8+10-b944.6842174)
# Java VM: OpenJDK 64-Bit Server VM (11.0.8+10-b944.6842174, mixed mode, tiered, compressed oops, g1 gc, windows-amd64)
Heap:
 garbage-first heap   total 294912K, used 242457K [0x0000000080000000, 0x0000000100000000)
  region size 1024K, 8 young (8192K), 2 survivors (2048K)
 Metaspace       used 140581K, capacity 144649K, committed 144768K, reserved 1175552K
  class space    used 17084K, capacity 18483K, committed 18560K, reserved 1048576K
GC Heap History (20 events):
Event: 197.090 GC heap before
{Heap before GC invocations=113 (full 0):
 garbage-first heap   total 294912K, used 250830K [0x0000000080000000, 0x0000000100000000)
  region size 1024K, 42 young (43008K), 4 survivors (4096K)
 Metaspace       used 132288K, capacity 136045K, committed 136192K, reserved 1167360K
  class space    used 16063K, capacity 17366K, committed 17408K, reserved 1048576K
}
Event: 197.107 GC heap after
{Heap after GC invocations=114 (full 0):
 garbage-first heap   total 294912K, used 213449K [0x0000000080000000, 0x0000000100000000)
  region size 1024K, 5 young (5120K), 5 survivors (5120K)
 Metaspace       used 132288K, capacity 136045K, committed 136192K, reserved 1167360K
  class space    used 16063K, capacity 17366K, committed 17408K, reserved 1048576K
}
Event: 198.760 GC heap before
{Heap before GC invocations=114 (full 0):
 garbage-first heap   total 294912K, used 251337K [0x0000000080000000, 0x0000000100000000)
  region size 1024K, 42 young (43008K), 5 survivors (5120K)
 Metaspace       used 132478K, capacity 136303K, committed 136448K, reserved 1169408K
  class space    used 16064K, capacity 17366K, committed 17408K, reserved 1048576K
}
Event: 198.792 GC heap after
{Heap after GC invocations=115 (full 0):
 garbage-first heap   total 294912K, used 215040K [0x0000000080000000, 0x0000000100000000)
  region size 1024K, 3 young (3072K), 3 survivors (3072K)
 Metaspace       used 132478K, capacity 136303K, committed 136448K, reserved 1169408K
  class space    used 16064K, capacity 17366K, committed 17408K, reserved 1048576K
}
Event: 207.726 GC heap before
{Heap before GC invocations=115 (full 0):
 garbage-first heap   total 294912K, used 259072K [0x0000000080000000, 0x0000000100000000)
  region size 1024K, 41 young (41984K), 3 survivors (3072K)
 Metaspace       used 133030K, capacity 136885K, committed 137088K, reserved 1169408K
  class space    used 16129K, capacity 17422K, committed 17536K, reserved 1048576K
}
Event: 207.757 GC heap after
{Heap after GC invocations=116 (full 0):
 garbage-first heap   total 294912K, used 216988K [0x0000000080000000, 0x0000000100000000)
  region size 1024K, 5 young (5120K), 5 survivors (5120K)
 Metaspace       used 133030K, capacity 136885K, committed 137088K, reserved 1169408K
  class space    used 16129K, capacity 17422K, committed 17536K, reserved 1048576K
}
Event: 209.303 GC heap before
{Heap before GC invocations=116 (full 0):
 garbage-first heap   total 294912K, used 254876K [0x0000000080000000, 0x0000000100000000)
  region size 1024K, 43 young (44032K), 5 survivors (5120K)
 Metaspace       used 134229K, capacity 138101K, committed 138240K, reserved 1169408K
  class space    used 16275K, capacity 17591K, committed 17664K, reserved 1048576K
}
Event: 209.345 GC heap after
{Heap after GC invocations=117 (full 0):
 garbage-first heap   total 294912K, used 223776K [0x0000000080000000, 0x0000000100000000)
  region size 1024K, 6 young (6144K), 6 survivors (6144K)
 Metaspace       used 134229K, capacity 138101K, committed 138240K, reserved 1169408K
  class space    used 16275K, capacity 17591K, committed 17664K, reserved 1048576K
}
Event: 209.990 GC heap before
{Heap before GC invocations=117 (full 0):
 garbage-first heap   total 294912K, used 253472K [0x0000000080000000, 0x0000000100000000)
  region size 1024K, 36 young (36864K), 6 survivors (6144K)
 Metaspace       used 135125K, capacity 139035K, committed 139136K, reserved 1171456K
  class space    used 16402K, capacity 17727K, committed 17792K, reserved 1048576K
}
Event: 210.036 GC heap after
{Heap after GC invocations=118 (full 0):
 garbage-first heap   total 294912K, used 232448K [0x0000000080000000, 0x0000000100000000)
  region size 1024K, 5 young (5120K), 5 survivors (5120K)
 Metaspace       used 135125K, capacity 139035K, committed 139136K, reserved 1171456K
  class space    used 16402K, capacity 17727K, committed 17792K, reserved 1048576K
}
Event: 212.028 GC heap before
{Heap before GC invocations=118 (full 0):
 garbage-first heap   total 294912K, used 253952K [0x0000000080000000, 0x0000000100000000)
  region size 1024K, 26 young (26624K), 5 survivors (5120K)
 Metaspace       used 138223K, capacity 142308K, committed 142464K, reserved 1173504K
  class space    used 16869K, capacity 18253K, committed 18304K, reserved 1048576K
}
Event: 212.063 GC heap after
{Heap after GC invocations=119 (full 0):
 garbage-first heap   total 294912K, used 235751K [0x0000000080000000, 0x0000000100000000)
  region size 1024K, 3 young (3072K), 3 survivors (3072K)
 Metaspace       used 138223K, capacity 142308K, committed 142464K, reserved 1173504K
  class space    used 16869K, capacity 18253K, committed 18304K, reserved 1048576K
}
Event: 212.876 GC heap before
{Heap before GC invocations=119 (full 0):
 garbage-first heap   total 294912K, used 255207K [0x0000000080000000, 0x0000000100000000)
  region size 1024K, 22 young (22528K), 3 survivors (3072K)
 Metaspace       used 139552K, capacity 143728K, committed 144000K, reserved 1175552K
  class space    used 17017K, capacity 18443K, committed 18560K, reserved 1048576K
}
Event: 212.894 GC heap after
{Heap after GC invocations=120 (full 0):
 garbage-first heap   total 294912K, used 235912K [0x0000000080000000, 0x0000000100000000)
  region size 1024K, 1 young (1024K), 1 survivors (1024K)
 Metaspace       used 139552K, capacity 143728K, committed 144000K, reserved 1175552K
  class space    used 17017K, capacity 18443K, committed 18560K, reserved 1048576K
}
Event: 213.642 GC heap before
{Heap before GC invocations=120 (full 0):
 garbage-first heap   total 294912K, used 256392K [0x0000000080000000, 0x0000000100000000)
  region size 1024K, 21 young (21504K), 1 survivors (1024K)
 Metaspace       used 139813K, capacity 143933K, committed 144256K, reserved 1175552K
  class space    used 17045K, capacity 18444K, committed 18560K, reserved 1048576K
}
Event: 213.650 GC heap after
{Heap after GC invocations=121 (full 0):
 garbage-first heap   total 294912K, used 237354K [0x0000000080000000, 0x0000000100000000)
  region size 1024K, 2 young (2048K), 2 survivors (2048K)
 Metaspace       used 139813K, capacity 143933K, committed 144256K, reserved 1175552K
  class space    used 17045K, capacity 18444K, committed 18560K, reserved 1048576K
}
Event: 214.197 GC heap before
{Heap before GC invocations=121 (full 0):
 garbage-first heap   total 294912K, used 257834K [0x0000000080000000, 0x0000000100000000)
  region size 1024K, 22 young (22528K), 2 survivors (2048K)
 Metaspace       used 140133K, capacity 144228K, committed 144512K, reserved 1175552K
  class space    used 17071K, capacity 18478K, committed 18560K, reserved 1048576K
}
Event: 214.209 GC heap after
{Heap after GC invocations=122 (full 0):
 garbage-first heap   total 294912K, used 236451K [0x0000000080000000, 0x0000000100000000)
  region size 1024K, 1 young (1024K), 1 survivors (1024K)
 Metaspace       used 140133K, capacity 144228K, committed 144512K, reserved 1175552K
  class space    used 17071K, capacity 18478K, committed 18560K, reserved 1048576K
}
Event: 214.693 GC heap before
{Heap before GC invocations=122 (full 0):
 garbage-first heap   total 294912K, used 257955K [0x0000000080000000, 0x0000000100000000)
  region size 1024K, 22 young (22528K), 1 survivors (1024K)
 Metaspace       used 140372K, capacity 144511K, committed 144768K, reserved 1175552K
  class space    used 17078K, capacity 18483K, committed 18560K, reserved 1048576K
}
Event: 214.703 GC heap after
{Heap after GC invocations=123 (full 0):
 garbage-first heap   total 294912K, used 236852K [0x0000000080000000, 0x0000000100000000)
  region size 1024K, 1 young (1024K), 1 survivors (1024K)
 Metaspace       used 140372K, capacity 144511K, committed 144768K, reserved 1175552K
  class space    used 17078K, capacity 18483K, committed 18560K, reserved 1048576K
}

