# JRE version: OpenJDK Runtime Environment (11.0.8+10) (build 11.0.8+10-b944.6842174)
# Java VM: OpenJDK 64-Bit Server VM (11.0.8+10-b944.6842174, mixed mode, tiered, compressed oops, g1 gc, windows-amd64)
Heap:
 garbage-first heap   total 124928K, used 88544K [0x0000000080000000, 0x0000000100000000)
  region size 1024K, 20 young (20480K), 4 survivors (4096K)
 Metaspace       used 72232K, capacity 74114K, committed 74312K, reserved 1114112K
  class space    used 8845K, capacity 9470K, committed 9472K, reserved 1048576K
GC Heap History (20 events):
Event: 15.074 GC heap before
{Heap before GC invocations=21 (full 0):
 garbage-first heap   total 103424K, used 76463K [0x0000000080000000, 0x0000000100000000)
  region size 1024K, 29 young (29696K), 3 survivors (3072K)
 Metaspace       used 48598K, capacity 49940K, committed 50248K, reserved 1093632K
  class space    used 6126K, capacity 6572K, committed 6656K, reserved 1048576K
}
Event: 15.084 GC heap after
{Heap after GC invocations=22 (full 0):
 garbage-first heap   total 103424K, used 52344K [0x0000000080000000, 0x0000000100000000)
  region size 1024K, 4 young (4096K), 4 survivors (4096K)
 Metaspace       used 48598K, capacity 49940K, committed 50248K, reserved 1093632K
  class space    used 6126K, capacity 6572K, committed 6656K, reserved 1048576K
}
Event: 15.937 GC heap before
{Heap before GC invocations=23 (full 0):
 garbage-first heap   total 103424K, used 79992K [0x0000000080000000, 0x0000000100000000)
  region size 1024K, 31 young (31744K), 4 survivors (4096K)
 Metaspace       used 52265K, capacity 53630K, committed 53704K, reserved 1095680K
  class space    used 6588K, capacity 7007K, committed 7040K, reserved 1048576K
}
Event: 15.954 GC heap after
{Heap after GC invocations=24 (full 0):
 garbage-first heap   total 124928K, used 55037K [0x0000000080000000, 0x0000000100000000)
  region size 1024K, 4 young (4096K), 4 survivors (4096K)
 Metaspace       used 52265K, capacity 53630K, committed 53704K, reserved 1095680K
  class space    used 6588K, capacity 7007K, committed 7040K, reserved 1048576K
}
Event: 19.431 GC heap before
{Heap before GC invocations=24 (full 0):
 garbage-first heap   total 124928K, used 91901K [0x0000000080000000, 0x0000000100000000)
  region size 1024K, 41 young (41984K), 4 survivors (4096K)
 Metaspace       used 58881K, capacity 60389K, committed 60744K, reserved 1101824K
  class space    used 7333K, capacity 7827K, committed 7936K, reserved 1048576K
}
Event: 19.444 GC heap after
{Heap after GC invocations=25 (full 0):
 garbage-first heap   total 124928K, used 57667K [0x0000000080000000, 0x0000000100000000)
  region size 1024K, 6 young (6144K), 6 survivors (6144K)
 Metaspace       used 58881K, capacity 60389K, committed 60744K, reserved 1101824K
  class space    used 7333K, capacity 7827K, committed 7936K, reserved 1048576K
}
Event: 24.378 GC heap before
{Heap before GC invocations=25 (full 0):
 garbage-first heap   total 124928K, used 94531K [0x0000000080000000, 0x0000000100000000)
  region size 1024K, 43 young (44032K), 6 survivors (6144K)
 Metaspace       used 59617K, capacity 61103K, committed 61256K, reserved 1103872K
  class space    used 7342K, capacity 7827K, committed 7936K, reserved 1048576K
}
Event: 24.388 GC heap after
{Heap after GC invocations=26 (full 0):
 garbage-first heap   total 124928K, used 58435K [0x0000000080000000, 0x0000000100000000)
  region size 1024K, 4 young (4096K), 4 survivors (4096K)
 Metaspace       used 59617K, capacity 61103K, committed 61256K, reserved 1103872K
  class space    used 7342K, capacity 7827K, committed 7936K, reserved 1048576K
}
Event: 30.772 GC heap before
{Heap before GC invocations=26 (full 0):
 garbage-first heap   total 124928K, used 96323K [0x0000000080000000, 0x0000000100000000)
  region size 1024K, 42 young (43008K), 4 survivors (4096K)
 Metaspace       used 59972K, capacity 61499K, committed 61768K, reserved 1103872K
  class space    used 7342K, capacity 7827K, committed 7936K, reserved 1048576K
}
Event: 30.783 GC heap after
{Heap after GC invocations=27 (full 0):
 garbage-first heap   total 124928K, used 58918K [0x0000000080000000, 0x0000000100000000)
  region size 1024K, 4 young (4096K), 4 survivors (4096K)
 Metaspace       used 59972K, capacity 61499K, committed 61768K, reserved 1103872K
  class space    used 7342K, capacity 7827K, committed 7936K, reserved 1048576K
}
Event: 40.976 GC heap before
{Heap before GC invocations=27 (full 0):
 garbage-first heap   total 124928K, used 101926K [0x0000000080000000, 0x0000000100000000)
  region size 1024K, 46 young (47104K), 4 survivors (4096K)
 Metaspace       used 60424K, capacity 61896K, committed 62024K, reserved 1103872K
  class space    used 7363K, capacity 7868K, committed 7936K, reserved 1048576K
}
Event: 40.989 GC heap after
{Heap after GC invocations=28 (full 0):
 garbage-first heap   total 124928K, used 64096K [0x0000000080000000, 0x0000000100000000)
  region size 1024K, 6 young (6144K), 6 survivors (6144K)
 Metaspace       used 60424K, capacity 61896K, committed 62024K, reserved 1103872K
  class space    used 7363K, capacity 7868K, committed 7936K, reserved 1048576K
}
Event: 40.996 GC heap before
{Heap before GC invocations=28 (full 0):
 garbage-first heap   total 124928K, used 64096K [0x0000000080000000, 0x0000000100000000)
  region size 1024K, 7 young (7168K), 6 survivors (6144K)
 Metaspace       used 60424K, capacity 61896K, committed 62024K, reserved 1103872K
  class space    used 7363K, capacity 7868K, committed 7936K, reserved 1048576K
}
Event: 41.005 GC heap after
{Heap after GC invocations=29 (full 0):
 garbage-first heap   total 124928K, used 64187K [0x0000000080000000, 0x0000000100000000)
  region size 1024K, 1 young (1024K), 1 survivors (1024K)
 Metaspace       used 60424K, capacity 61896K, committed 62024K, reserved 1103872K
  class space    used 7363K, capacity 7868K, committed 7936K, reserved 1048576K
}
Event: 42.499 GC heap before
{Heap before GC invocations=30 (full 0):
 garbage-first heap   total 124928K, used 101051K [0x0000000080000000, 0x0000000100000000)
  region size 1024K, 36 young (36864K), 1 survivors (1024K)
 Metaspace       used 62633K, capacity 64371K, committed 64584K, reserved 1105920K
  class space    used 7618K, capacity 8172K, committed 8192K, reserved 1048576K
}
Event: 42.509 GC heap after
{Heap after GC invocations=31 (full 0):
 garbage-first heap   total 124928K, used 69980K [0x0000000080000000, 0x0000000100000000)
  region size 1024K, 5 young (5120K), 5 survivors (5120K)
 Metaspace       used 62633K, capacity 64371K, committed 64584K, reserved 1105920K
  class space    used 7618K, capacity 8172K, committed 8192K, reserved 1048576K
}
Event: 43.638 GC heap before
{Heap before GC invocations=31 (full 0):
 garbage-first heap   total 124928K, used 100700K [0x0000000080000000, 0x0000000100000000)
  region size 1024K, 35 young (35840K), 5 survivors (5120K)
 Metaspace       used 67197K, capacity 68880K, committed 69064K, reserved 1110016K
  class space    used 8185K, capacity 8738K, committed 8832K, reserved 1048576K
}
Event: 43.650 GC heap after
{Heap after GC invocations=32 (full 0):
 garbage-first heap   total 124928K, used 70951K [0x0000000080000000, 0x0000000100000000)
  region size 1024K, 2 young (2048K), 2 survivors (2048K)
 Metaspace       used 67197K, capacity 68880K, committed 69064K, reserved 1110016K
  class space    used 8185K, capacity 8738K, committed 8832K, reserved 1048576K
}
Event: 44.975 GC heap before
{Heap before GC invocations=33 (full 0):
 garbage-first heap   total 124928K, used 100647K [0x0000000080000000, 0x0000000100000000)
  region size 1024K, 32 young (32768K), 2 survivors (2048K)
 Metaspace       used 70664K, capacity 72572K, committed 72904K, reserved 1114112K
  class space    used 8632K, capacity 9239K, committed 9344K, reserved 1048576K
}
Event: 44.988 GC heap after
{Heap after GC invocations=34 (full 0):
 garbage-first heap   total 124928K, used 73184K [0x0000000080000000, 0x0000000100000000)
  region size 1024K, 4 young (4096K), 4 survivors (4096K)
 Metaspace       used 70664K, capacity 72572K, committed 72904K, reserved 1114112K
  class space    used 8632K, capacity 9239K, committed 9344K, reserved 1048576K
}

